<?xml version="1.0" encoding="UTF-8"?>
<!-- Generated by org.testng.reporters.JUnitReportReporter -->
<testsuite hostname="DESKTOP-3O14ETJ" failures="0" tests="1" name="org.example.testRunner.runner" time="120.086" errors="0" timestamp="2022-10-18T18:22:10 EET" skipped="0">
  <testcase classname="org.example.testRunner.runner" name="runScenario" time="120.086"/>
  <system-out/>
</testsuite> <!-- org.example.testRunner.runner -->
